<?xml version="1.0" encoding="UTF-8"?>
<testng-results skipped="0" failed="0" total="53" passed="53">
  <reporter-output>
  </reporter-output>
  <suite name="Suite" duration-ms="33029" started-at="2020-03-21T13:58:42Z" finished-at="2020-03-21T13:59:15Z">
    <groups>
    </groups>
    <test name="Test" duration-ms="33029" started-at="2020-03-21T13:58:42Z" finished-at="2020-03-21T13:59:15Z">
      <class name="testcases.AddNewChannel">
        <test-method status="PASS" signature="addNewChannelSuccessfully()[pri:0, instance:testcases.AddNewChannel@1810399e]" name="addNewChannelSuccessfully" duration-ms="2828" started-at="2020-03-21T19:28:42Z" finished-at="2020-03-21T19:28:44Z">
          <reporter-output>
          </reporter-output>
        </test-method> <!-- addNewChannelSuccessfully -->
        <test-method status="PASS" signature="addNewChannelWithAlreadyRegisteredName()[pri:0, instance:testcases.AddNewChannel@1810399e]" name="addNewChannelWithAlreadyRegisteredName" duration-ms="1760" started-at="2020-03-21T19:28:44Z" finished-at="2020-03-21T19:28:46Z">
          <reporter-output>
          </reporter-output>
        </test-method> <!-- addNewChannelWithAlreadyRegisteredName -->
        <test-method status="PASS" signature="addNewChannelWithBlankName()[pri:0, instance:testcases.AddNewChannel@1810399e]" name="addNewChannelWithBlankName" duration-ms="411" started-at="2020-03-21T19:28:46Z" finished-at="2020-03-21T19:28:47Z">
          <reporter-output>
          </reporter-output>
        </test-method> <!-- addNewChannelWithBlankName -->
        <test-method status="PASS" signature="addNewChannelWithBlankToken()[pri:0, instance:testcases.AddNewChannel@1810399e]" name="addNewChannelWithBlankToken" duration-ms="434" started-at="2020-03-21T19:28:47Z" finished-at="2020-03-21T19:28:47Z">
          <reporter-output>
          </reporter-output>
        </test-method> <!-- addNewChannelWithBlankToken -->
        <test-method status="PASS" signature="addNewChannelWithInvalidToken()[pri:0, instance:testcases.AddNewChannel@1810399e]" name="addNewChannelWithInvalidToken" duration-ms="394" started-at="2020-03-21T19:28:47Z" finished-at="2020-03-21T19:28:47Z">
          <reporter-output>
          </reporter-output>
        </test-method> <!-- addNewChannelWithInvalidToken -->
        <test-method status="PASS" signature="addNewChannelWithNameCombinationUpperLowerCase()[pri:0, instance:testcases.AddNewChannel@1810399e]" name="addNewChannelWithNameCombinationUpperLowerCase" duration-ms="363" started-at="2020-03-21T19:28:47Z" finished-at="2020-03-21T19:28:48Z">
          <reporter-output>
          </reporter-output>
        </test-method> <!-- addNewChannelWithNameCombinationUpperLowerCase -->
        <test-method status="PASS" signature="addNewChannelWithNameEqualTo80()[pri:0, instance:testcases.AddNewChannel@1810399e]" name="addNewChannelWithNameEqualTo80" duration-ms="1393" started-at="2020-03-21T19:28:48Z" finished-at="2020-03-21T19:28:49Z">
          <reporter-output>
          </reporter-output>
        </test-method> <!-- addNewChannelWithNameEqualTo80 -->
        <test-method status="PASS" signature="addNewChannelWithNameInUpperCase()[pri:0, instance:testcases.AddNewChannel@1810399e]" name="addNewChannelWithNameInUpperCase" duration-ms="465" started-at="2020-03-21T19:28:49Z" finished-at="2020-03-21T19:28:50Z">
          <reporter-output>
          </reporter-output>
        </test-method> <!-- addNewChannelWithNameInUpperCase -->
        <test-method status="PASS" signature="addNewChannelWithNameMoreThan80()[pri:0, instance:testcases.AddNewChannel@1810399e]" name="addNewChannelWithNameMoreThan80" duration-ms="402" started-at="2020-03-21T19:28:50Z" finished-at="2020-03-21T19:28:50Z">
          <reporter-output>
          </reporter-output>
        </test-method> <!-- addNewChannelWithNameMoreThan80 -->
        <test-method status="PASS" signature="addNewChannelWithNullValueName()[pri:0, instance:testcases.AddNewChannel@1810399e]" name="addNewChannelWithNullValueName" duration-ms="395" started-at="2020-03-21T19:28:50Z" finished-at="2020-03-21T19:28:50Z">
          <reporter-output>
          </reporter-output>
        </test-method> <!-- addNewChannelWithNullValueName -->
        <test-method status="PASS" signature="addNewChannelWithNullValueToken()[pri:0, instance:testcases.AddNewChannel@1810399e]" name="addNewChannelWithNullValueToken" duration-ms="426" started-at="2020-03-21T19:28:50Z" finished-at="2020-03-21T19:28:51Z">
          <reporter-output>
          </reporter-output>
        </test-method> <!-- addNewChannelWithNullValueToken -->
        <test-method status="PASS" signature="addNewChannelWithSpecialCharacterName()[pri:0, instance:testcases.AddNewChannel@1810399e]" name="addNewChannelWithSpecialCharacterName" duration-ms="379" started-at="2020-03-21T19:28:51Z" finished-at="2020-03-21T19:28:51Z">
          <reporter-output>
          </reporter-output>
        </test-method> <!-- addNewChannelWithSpecialCharacterName -->
        <test-method status="PASS" signature="addNewChannelWithoutName()[pri:0, instance:testcases.AddNewChannel@1810399e]" name="addNewChannelWithoutName" duration-ms="412" started-at="2020-03-21T19:28:51Z" finished-at="2020-03-21T19:28:52Z">
          <reporter-output>
          </reporter-output>
        </test-method> <!-- addNewChannelWithoutName -->
        <test-method status="PASS" signature="addNewChannelWithoutToken()[pri:0, instance:testcases.AddNewChannel@1810399e]" name="addNewChannelWithoutToken" duration-ms="386" started-at="2020-03-21T19:28:52Z" finished-at="2020-03-21T19:28:52Z">
          <reporter-output>
          </reporter-output>
        </test-method> <!-- addNewChannelWithoutToken -->
      </class> <!-- testcases.AddNewChannel -->
      <class name="testcases.RenameChannel">
        <test-method status="PASS" signature="createChannel()[pri:0, instance:testcases.RenameChannel@4439f31e]" name="createChannel" is-config="true" duration-ms="881" started-at="2020-03-21T19:29:03Z" finished-at="2020-03-21T19:29:04Z">
          <reporter-output>
          </reporter-output>
        </test-method> <!-- createChannel -->
        <test-method status="PASS" signature="renameChannelInvalidIntValueChannelId()[pri:0, instance:testcases.RenameChannel@4439f31e]" name="renameChannelInvalidIntValueChannelId" duration-ms="687" started-at="2020-03-21T19:29:04Z" finished-at="2020-03-21T19:29:04Z">
          <reporter-output>
          </reporter-output>
        </test-method> <!-- renameChannelInvalidIntValueChannelId -->
        <test-method status="PASS" signature="renameChannelInvalidStringValueChannelId()[pri:0, instance:testcases.RenameChannel@4439f31e]" name="renameChannelInvalidStringValueChannelId" duration-ms="375" started-at="2020-03-21T19:29:04Z" finished-at="2020-03-21T19:29:05Z">
          <reporter-output>
          </reporter-output>
        </test-method> <!-- renameChannelInvalidStringValueChannelId -->
        <test-method status="PASS" signature="renameChannelWithBlankChannelId()[pri:0, instance:testcases.RenameChannel@4439f31e]" name="renameChannelWithBlankChannelId" duration-ms="399" started-at="2020-03-21T19:29:05Z" finished-at="2020-03-21T19:29:05Z">
          <reporter-output>
          </reporter-output>
        </test-method> <!-- renameChannelWithBlankChannelId -->
        <test-method status="PASS" signature="renameChannelWithNullValueChannelId()[pri:0, instance:testcases.RenameChannel@4439f31e]" name="renameChannelWithNullValueChannelId" duration-ms="394" started-at="2020-03-21T19:29:05Z" finished-at="2020-03-21T19:29:06Z">
          <reporter-output>
          </reporter-output>
        </test-method> <!-- renameChannelWithNullValueChannelId -->
        <test-method status="PASS" signature="renameChannelWithoutChannelId()[pri:0, instance:testcases.RenameChannel@4439f31e]" name="renameChannelWithoutChannelId" duration-ms="877" started-at="2020-03-21T19:29:06Z" finished-at="2020-03-21T19:29:06Z">
          <reporter-output>
          </reporter-output>
        </test-method> <!-- renameChannelWithoutChannelId -->
        <test-method status="PASS" signature="renameChannelWithTheOriginalChannelName()[pri:1, instance:testcases.RenameChannel@4439f31e]" name="renameChannelWithTheOriginalChannelName" duration-ms="487" started-at="2020-03-21T19:29:06Z" finished-at="2020-03-21T19:29:07Z">
          <reporter-output>
          </reporter-output>
        </test-method> <!-- renameChannelWithTheOriginalChannelName -->
        <test-method status="PASS" signature="renameChannelSuccessfully()[pri:2, instance:testcases.RenameChannel@4439f31e]" name="renameChannelSuccessfully" duration-ms="958" started-at="2020-03-21T19:29:07Z" finished-at="2020-03-21T19:29:08Z">
          <reporter-output>
          </reporter-output>
        </test-method> <!-- renameChannelSuccessfully -->
        <test-method status="PASS" signature="renameChannelWithBlankToken()[pri:3, instance:testcases.RenameChannel@4439f31e]" name="renameChannelWithBlankToken" duration-ms="632" started-at="2020-03-21T19:29:08Z" finished-at="2020-03-21T19:29:08Z">
          <reporter-output>
          </reporter-output>
        </test-method> <!-- renameChannelWithBlankToken -->
        <test-method status="PASS" signature="renameChannelWithInvalidToken()[pri:4, instance:testcases.RenameChannel@4439f31e]" name="renameChannelWithInvalidToken" duration-ms="370" started-at="2020-03-21T19:29:08Z" finished-at="2020-03-21T19:29:09Z">
          <reporter-output>
          </reporter-output>
        </test-method> <!-- renameChannelWithInvalidToken -->
        <test-method status="PASS" signature="renameChannelWithNullValueToken()[pri:5, instance:testcases.RenameChannel@4439f31e]" name="renameChannelWithNullValueToken" duration-ms="422" started-at="2020-03-21T19:29:09Z" finished-at="2020-03-21T19:29:09Z">
          <reporter-output>
          </reporter-output>
        </test-method> <!-- renameChannelWithNullValueToken -->
        <test-method status="PASS" signature="renameChannelWithoutToken()[pri:6, instance:testcases.RenameChannel@4439f31e]" name="renameChannelWithoutToken" duration-ms="372" started-at="2020-03-21T19:29:09Z" finished-at="2020-03-21T19:29:10Z">
          <reporter-output>
          </reporter-output>
        </test-method> <!-- renameChannelWithoutToken -->
        <test-method status="PASS" signature="renameChannelWithBlankRename()[pri:7, instance:testcases.RenameChannel@4439f31e]" name="renameChannelWithBlankRename" duration-ms="1508" started-at="2020-03-21T19:29:10Z" finished-at="2020-03-21T19:29:11Z">
          <reporter-output>
          </reporter-output>
        </test-method> <!-- renameChannelWithBlankRename -->
        <test-method status="PASS" signature="renameChannelSpecialCharacterInRename()[pri:8, instance:testcases.RenameChannel@4439f31e]" name="renameChannelSpecialCharacterInRename" duration-ms="393" started-at="2020-03-21T19:29:11Z" finished-at="2020-03-21T19:29:12Z">
          <reporter-output>
          </reporter-output>
        </test-method> <!-- renameChannelSpecialCharacterInRename -->
        <test-method status="PASS" signature="renameChannelWithNulValueInRename()[pri:9, instance:testcases.RenameChannel@4439f31e]" name="renameChannelWithNulValueInRename" duration-ms="379" started-at="2020-03-21T19:29:12Z" finished-at="2020-03-21T19:29:12Z">
          <reporter-output>
          </reporter-output>
        </test-method> <!-- renameChannelWithNulValueInRename -->
        <test-method status="PASS" signature="renameChannelWithoutRename()[pri:10, instance:testcases.RenameChannel@4439f31e]" name="renameChannelWithoutRename" duration-ms="418" started-at="2020-03-21T19:29:12Z" finished-at="2020-03-21T19:29:12Z">
          <reporter-output>
          </reporter-output>
        </test-method> <!-- renameChannelWithoutRename -->
        <test-method status="PASS" signature="renameChannelWithUpperCaseInRename()[pri:11, instance:testcases.RenameChannel@4439f31e]" name="renameChannelWithUpperCaseInRename" duration-ms="411" started-at="2020-03-21T19:29:12Z" finished-at="2020-03-21T19:29:13Z">
          <reporter-output>
          </reporter-output>
        </test-method> <!-- renameChannelWithUpperCaseInRename -->
        <test-method status="PASS" signature="renameChannelWithUpperAndLowerCaseInRename()[pri:12, instance:testcases.RenameChannel@4439f31e]" name="renameChannelWithUpperAndLowerCaseInRename" duration-ms="436" started-at="2020-03-21T19:29:13Z" finished-at="2020-03-21T19:29:13Z">
          <reporter-output>
          </reporter-output>
        </test-method> <!-- renameChannelWithUpperAndLowerCaseInRename -->
        <test-method status="PASS" signature="renameChannelWithRenameMoreThan80()[pri:13, instance:testcases.RenameChannel@4439f31e]" name="renameChannelWithRenameMoreThan80" duration-ms="456" started-at="2020-03-21T19:29:13Z" finished-at="2020-03-21T19:29:14Z">
          <reporter-output>
          </reporter-output>
        </test-method> <!-- renameChannelWithRenameMoreThan80 -->
        <test-method status="PASS" signature="renameChannelWithRenameEqualTo80()[pri:14, instance:testcases.RenameChannel@4439f31e]" name="renameChannelWithRenameEqualTo80" duration-ms="489" started-at="2020-03-21T19:29:14Z" finished-at="2020-03-21T19:29:14Z">
          <reporter-output>
          </reporter-output>
        </test-method> <!-- renameChannelWithRenameEqualTo80 -->
        <test-method status="PASS" signature="deleteChannel()[pri:0, instance:testcases.RenameChannel@4439f31e]" name="deleteChannel" is-config="true" duration-ms="483" started-at="2020-03-21T19:29:14Z" finished-at="2020-03-21T19:29:15Z">
          <reporter-output>
          </reporter-output>
        </test-method> <!-- deleteChannel -->
      </class> <!-- testcases.RenameChannel -->
      <class name="testcases.ArchiveChannel">
        <test-method status="PASS" signature="createChannel()[pri:0, instance:testcases.ArchiveChannel@32d992b2]" name="createChannel" is-config="true" duration-ms="902" started-at="2020-03-21T19:28:52Z" finished-at="2020-03-21T19:28:53Z">
          <reporter-output>
          </reporter-output>
        </test-method> <!-- createChannel -->
        <test-method status="PASS" signature="archieveChannelInvalidIntValueChannelId()[pri:0, instance:testcases.ArchiveChannel@32d992b2]" name="archieveChannelInvalidIntValueChannelId" duration-ms="391" started-at="2020-03-21T19:28:53Z" finished-at="2020-03-21T19:28:53Z">
          <reporter-output>
          </reporter-output>
        </test-method> <!-- archieveChannelInvalidIntValueChannelId -->
        <test-method status="PASS" signature="archieveChannelInvalidStringChannelId()[pri:0, instance:testcases.ArchiveChannel@32d992b2]" name="archieveChannelInvalidStringChannelId" duration-ms="381" started-at="2020-03-21T19:28:53Z" finished-at="2020-03-21T19:28:54Z">
          <reporter-output>
          </reporter-output>
        </test-method> <!-- archieveChannelInvalidStringChannelId -->
        <test-method status="PASS" signature="archieveChannelWithBlankChannelId()[pri:0, instance:testcases.ArchiveChannel@32d992b2]" name="archieveChannelWithBlankChannelId" duration-ms="383" started-at="2020-03-21T19:28:54Z" finished-at="2020-03-21T19:28:54Z">
          <reporter-output>
          </reporter-output>
        </test-method> <!-- archieveChannelWithBlankChannelId -->
        <test-method status="PASS" signature="archieveChannelWithNullValueChannelId()[pri:0, instance:testcases.ArchiveChannel@32d992b2]" name="archieveChannelWithNullValueChannelId" duration-ms="412" started-at="2020-03-21T19:28:54Z" finished-at="2020-03-21T19:28:55Z">
          <reporter-output>
          </reporter-output>
        </test-method> <!-- archieveChannelWithNullValueChannelId -->
        <test-method status="PASS" signature="archieveChannelWithBlankToken()[pri:1, instance:testcases.ArchiveChannel@32d992b2]" name="archieveChannelWithBlankToken" duration-ms="365" started-at="2020-03-21T19:28:55Z" finished-at="2020-03-21T19:28:55Z">
          <reporter-output>
          </reporter-output>
        </test-method> <!-- archieveChannelWithBlankToken -->
        <test-method status="PASS" signature="archieveChannelWithInvalidToken()[pri:2, instance:testcases.ArchiveChannel@32d992b2]" name="archieveChannelWithInvalidToken" duration-ms="390" started-at="2020-03-21T19:28:55Z" finished-at="2020-03-21T19:28:55Z">
          <reporter-output>
          </reporter-output>
        </test-method> <!-- archieveChannelWithInvalidToken -->
        <test-method status="PASS" signature="archieveChannelWithNullValueToken()[pri:3, instance:testcases.ArchiveChannel@32d992b2]" name="archieveChannelWithNullValueToken" duration-ms="346" started-at="2020-03-21T19:28:55Z" finished-at="2020-03-21T19:28:56Z">
          <reporter-output>
          </reporter-output>
        </test-method> <!-- archieveChannelWithNullValueToken -->
        <test-method status="PASS" signature="archieveChannelWithoutToken()[pri:4, instance:testcases.ArchiveChannel@32d992b2]" name="archieveChannelWithoutToken" duration-ms="368" started-at="2020-03-21T19:28:56Z" finished-at="2020-03-21T19:28:56Z">
          <reporter-output>
          </reporter-output>
        </test-method> <!-- archieveChannelWithoutToken -->
        <test-method status="PASS" signature="archieveChannelSuccessfully()[pri:5, instance:testcases.ArchiveChannel@32d992b2]" name="archieveChannelSuccessfully" duration-ms="897" started-at="2020-03-21T19:28:56Z" finished-at="2020-03-21T19:28:57Z">
          <reporter-output>
          </reporter-output>
        </test-method> <!-- archieveChannelSuccessfully -->
        <test-method status="PASS" signature="archieveChannelWithAlreadyarchieve()[pri:6, instance:testcases.ArchiveChannel@32d992b2]" name="archieveChannelWithAlreadyarchieve" duration-ms="411" started-at="2020-03-21T19:28:57Z" finished-at="2020-03-21T19:28:57Z">
          <reporter-output>
          </reporter-output>
        </test-method> <!-- archieveChannelWithAlreadyarchieve -->
      </class> <!-- testcases.ArchiveChannel -->
      <class name="testcases.JoinChannel">
        <test-method status="PASS" signature="joinChannelInvalidIntValueChannelId()[pri:0, instance:testcases.JoinChannel@215be6bb]" name="joinChannelInvalidIntValueChannelId" duration-ms="377" started-at="2020-03-21T19:28:57Z" finished-at="2020-03-21T19:28:58Z">
          <reporter-output>
          </reporter-output>
        </test-method> <!-- joinChannelInvalidIntValueChannelId -->
        <test-method status="PASS" signature="joinChannelInvalidStringChannelId()[pri:0, instance:testcases.JoinChannel@215be6bb]" name="joinChannelInvalidStringChannelId" duration-ms="398" started-at="2020-03-21T19:28:58Z" finished-at="2020-03-21T19:28:58Z">
          <reporter-output>
          </reporter-output>
        </test-method> <!-- joinChannelInvalidStringChannelId -->
        <test-method status="PASS" signature="joinChannelWithBlankChannelId()[pri:0, instance:testcases.JoinChannel@215be6bb]" name="joinChannelWithBlankChannelId" duration-ms="403" started-at="2020-03-21T19:28:58Z" finished-at="2020-03-21T19:28:59Z">
          <reporter-output>
          </reporter-output>
        </test-method> <!-- joinChannelWithBlankChannelId -->
        <test-method status="PASS" signature="joinChannelWithNullValueChannelId()[pri:0, instance:testcases.JoinChannel@215be6bb]" name="joinChannelWithNullValueChannelId" duration-ms="414" started-at="2020-03-21T19:28:59Z" finished-at="2020-03-21T19:28:59Z">
          <reporter-output>
          </reporter-output>
        </test-method> <!-- joinChannelWithNullValueChannelId -->
        <test-method status="PASS" signature="joinChannelWithoutChannelId()[pri:0, instance:testcases.JoinChannel@215be6bb]" name="joinChannelWithoutChannelId" duration-ms="394" started-at="2020-03-21T19:28:59Z" finished-at="2020-03-21T19:28:59Z">
          <reporter-output>
          </reporter-output>
        </test-method> <!-- joinChannelWithoutChannelId -->
        <test-method status="PASS" signature="joinChannelSuccessfully()[pri:1, instance:testcases.JoinChannel@215be6bb]" name="joinChannelSuccessfully" duration-ms="1371" started-at="2020-03-21T19:28:59Z" finished-at="2020-03-21T19:29:01Z">
          <reporter-output>
          </reporter-output>
        </test-method> <!-- joinChannelSuccessfully -->
        <test-method status="PASS" signature="joinChannelWithBlankToken()[pri:2, instance:testcases.JoinChannel@215be6bb]" name="joinChannelWithBlankToken" duration-ms="375" started-at="2020-03-21T19:29:01Z" finished-at="2020-03-21T19:29:01Z">
          <reporter-output>
          </reporter-output>
        </test-method> <!-- joinChannelWithBlankToken -->
        <test-method status="PASS" signature="joinChannelWithInvalidToken()[pri:3, instance:testcases.JoinChannel@215be6bb]" name="joinChannelWithInvalidToken" duration-ms="384" started-at="2020-03-21T19:29:01Z" finished-at="2020-03-21T19:29:01Z">
          <reporter-output>
          </reporter-output>
        </test-method> <!-- joinChannelWithInvalidToken -->
        <test-method status="PASS" signature="joinChannelWithNullValueToken()[pri:4, instance:testcases.JoinChannel@215be6bb]" name="joinChannelWithNullValueToken" duration-ms="399" started-at="2020-03-21T19:29:01Z" finished-at="2020-03-21T19:29:02Z">
          <reporter-output>
          </reporter-output>
        </test-method> <!-- joinChannelWithNullValueToken -->
        <test-method status="PASS" signature="joinChannelWithoutToken()[pri:5, instance:testcases.JoinChannel@215be6bb]" name="joinChannelWithoutToken" duration-ms="887" started-at="2020-03-21T19:29:02Z" finished-at="2020-03-21T19:29:03Z">
          <reporter-output>
          </reporter-output>
        </test-method> <!-- joinChannelWithoutToken -->
      </class> <!-- testcases.JoinChannel -->
    </test> <!-- Test -->
  </suite> <!-- Suite -->
</testng-results>
