<?xml version="1.0" encoding="UTF-8"?>
<!-- Generated by org.testng.reporters.JUnitXMLReporter -->
<testsuite hostname="7DLH4Q2" name="Test" tests="53" failures="0" timestamp="21 Mar 2020 13:59:15 GMT" time="33.029" errors="0">
  <testcase name="addNewChannelSuccessfully" time="2.828" classname="testcases.AddNewChannel"/>
  <testcase name="addNewChannelWithAlreadyRegisteredName" time="1.76" classname="testcases.AddNewChannel"/>
  <testcase name="addNewChannelWithBlankName" time="0.411" classname="testcases.AddNewChannel"/>
  <testcase name="addNewChannelWithBlankToken" time="0.434" classname="testcases.AddNewChannel"/>
  <testcase name="addNewChannelWithInvalidToken" time="0.394" classname="testcases.AddNewChannel"/>
  <testcase name="addNewChannelWithNameCombinationUpperLowerCase" time="0.363" classname="testcases.AddNewChannel"/>
  <testcase name="addNewChannelWithNameEqualTo80" time="1.393" classname="testcases.AddNewChannel"/>
  <testcase name="addNewChannelWithNameInUpperCase" time="0.465" classname="testcases.AddNewChannel"/>
  <testcase name="addNewChannelWithNameMoreThan80" time="0.402" classname="testcases.AddNewChannel"/>
  <testcase name="addNewChannelWithNullValueName" time="0.395" classname="testcases.AddNewChannel"/>
  <testcase name="addNewChannelWithNullValueToken" time="0.426" classname="testcases.AddNewChannel"/>
  <testcase name="addNewChannelWithSpecialCharacterName" time="0.379" classname="testcases.AddNewChannel"/>
  <testcase name="addNewChannelWithoutName" time="0.412" classname="testcases.AddNewChannel"/>
  <testcase name="addNewChannelWithoutToken" time="0.386" classname="testcases.AddNewChannel"/>
  <testcase name="archieveChannelInvalidIntValueChannelId" time="0.391" classname="testcases.ArchiveChannel"/>
  <testcase name="archieveChannelInvalidStringChannelId" time="0.381" classname="testcases.ArchiveChannel"/>
  <testcase name="archieveChannelWithBlankChannelId" time="0.383" classname="testcases.ArchiveChannel"/>
  <testcase name="archieveChannelWithNullValueChannelId" time="0.412" classname="testcases.ArchiveChannel"/>
  <testcase name="archieveChannelWithBlankToken" time="0.365" classname="testcases.ArchiveChannel"/>
  <testcase name="archieveChannelWithInvalidToken" time="0.39" classname="testcases.ArchiveChannel"/>
  <testcase name="archieveChannelWithNullValueToken" time="0.346" classname="testcases.ArchiveChannel"/>
  <testcase name="archieveChannelWithoutToken" time="0.368" classname="testcases.ArchiveChannel"/>
  <testcase name="archieveChannelSuccessfully" time="0.897" classname="testcases.ArchiveChannel"/>
  <testcase name="archieveChannelWithAlreadyarchieve" time="0.411" classname="testcases.ArchiveChannel"/>
  <testcase name="joinChannelInvalidIntValueChannelId" time="0.377" classname="testcases.JoinChannel"/>
  <testcase name="joinChannelInvalidStringChannelId" time="0.398" classname="testcases.JoinChannel"/>
  <testcase name="joinChannelWithBlankChannelId" time="0.403" classname="testcases.JoinChannel"/>
  <testcase name="joinChannelWithNullValueChannelId" time="0.414" classname="testcases.JoinChannel"/>
  <testcase name="joinChannelWithoutChannelId" time="0.394" classname="testcases.JoinChannel"/>
  <testcase name="joinChannelSuccessfully" time="1.371" classname="testcases.JoinChannel"/>
  <testcase name="joinChannelWithBlankToken" time="0.375" classname="testcases.JoinChannel"/>
  <testcase name="joinChannelWithInvalidToken" time="0.384" classname="testcases.JoinChannel"/>
  <testcase name="joinChannelWithNullValueToken" time="0.399" classname="testcases.JoinChannel"/>
  <testcase name="joinChannelWithoutToken" time="0.887" classname="testcases.JoinChannel"/>
  <testcase name="renameChannelInvalidIntValueChannelId" time="0.687" classname="testcases.RenameChannel"/>
  <testcase name="renameChannelInvalidStringValueChannelId" time="0.375" classname="testcases.RenameChannel"/>
  <testcase name="renameChannelWithBlankChannelId" time="0.399" classname="testcases.RenameChannel"/>
  <testcase name="renameChannelWithNullValueChannelId" time="0.394" classname="testcases.RenameChannel"/>
  <testcase name="renameChannelWithoutChannelId" time="0.877" classname="testcases.RenameChannel"/>
  <testcase name="renameChannelWithTheOriginalChannelName" time="0.487" classname="testcases.RenameChannel"/>
  <testcase name="renameChannelSuccessfully" time="0.958" classname="testcases.RenameChannel"/>
  <testcase name="renameChannelWithBlankToken" time="0.632" classname="testcases.RenameChannel"/>
  <testcase name="renameChannelWithInvalidToken" time="0.37" classname="testcases.RenameChannel"/>
  <testcase name="renameChannelWithNullValueToken" time="0.422" classname="testcases.RenameChannel"/>
  <testcase name="renameChannelWithoutToken" time="0.372" classname="testcases.RenameChannel"/>
  <testcase name="renameChannelWithBlankRename" time="1.508" classname="testcases.RenameChannel"/>
  <testcase name="renameChannelSpecialCharacterInRename" time="0.393" classname="testcases.RenameChannel"/>
  <testcase name="renameChannelWithNulValueInRename" time="0.379" classname="testcases.RenameChannel"/>
  <testcase name="renameChannelWithoutRename" time="0.418" classname="testcases.RenameChannel"/>
  <testcase name="renameChannelWithUpperCaseInRename" time="0.411" classname="testcases.RenameChannel"/>
  <testcase name="renameChannelWithUpperAndLowerCaseInRename" time="0.436" classname="testcases.RenameChannel"/>
  <testcase name="renameChannelWithRenameMoreThan80" time="0.456" classname="testcases.RenameChannel"/>
  <testcase name="renameChannelWithRenameEqualTo80" time="0.489" classname="testcases.RenameChannel"/>
</testsuite> <!-- Test -->
