<?xml version="1.0" encoding="UTF-8"?>
<!-- Generated by org.testng.reporters.JUnitXMLReporter -->
<testsuite hostname="7DLH4Q2" name="Test" tests="53" failures="0" timestamp="21 Mar 2020 13:40:19 GMT" time="27.94" errors="0">
  <testcase name="addNewChannelSuccessfully" time="2.474" classname="testcases.AddNewChannel"/>
  <testcase name="addNewChannelWithAlreadyRegisteredName" time="1.618" classname="testcases.AddNewChannel"/>
  <testcase name="addNewChannelWithBlankName" time="0.342" classname="testcases.AddNewChannel"/>
  <testcase name="addNewChannelWithBlankToken" time="0.326" classname="testcases.AddNewChannel"/>
  <testcase name="addNewChannelWithInvalidToken" time="0.372" classname="testcases.AddNewChannel"/>
  <testcase name="addNewChannelWithNameCombinationUpperLowerCase" time="0.322" classname="testcases.AddNewChannel"/>
  <testcase name="addNewChannelWithNameEqualTo80" time="1.203" classname="testcases.AddNewChannel"/>
  <testcase name="addNewChannelWithNameInUpperCase" time="0.318" classname="testcases.AddNewChannel"/>
  <testcase name="addNewChannelWithNameMoreThan80" time="0.692" classname="testcases.AddNewChannel"/>
  <testcase name="addNewChannelWithNullValueName" time="0.415" classname="testcases.AddNewChannel"/>
  <testcase name="addNewChannelWithNullValueToken" time="0.343" classname="testcases.AddNewChannel"/>
  <testcase name="addNewChannelWithSpecialCharacterName" time="0.366" classname="testcases.AddNewChannel"/>
  <testcase name="addNewChannelWithoutName" time="0.346" classname="testcases.AddNewChannel"/>
  <testcase name="addNewChannelWithoutToken" time="0.321" classname="testcases.AddNewChannel"/>
  <testcase name="archieveChannelInvalidIntValueChannelId" time="0.333" classname="testcases.ArchiveChannel"/>
  <testcase name="archieveChannelInvalidStringChannelId" time="0.406" classname="testcases.ArchiveChannel"/>
  <testcase name="archieveChannelWithBlankChannelId" time="0.338" classname="testcases.ArchiveChannel"/>
  <testcase name="archieveChannelWithNullValueChannelId" time="0.321" classname="testcases.ArchiveChannel"/>
  <testcase name="archieveChannelWithBlankToken" time="0.335" classname="testcases.ArchiveChannel"/>
  <testcase name="archieveChannelWithInvalidToken" time="0.327" classname="testcases.ArchiveChannel"/>
  <testcase name="archieveChannelWithNullValueToken" time="0.326" classname="testcases.ArchiveChannel"/>
  <testcase name="archieveChannelWithoutToken" time="0.325" classname="testcases.ArchiveChannel"/>
  <testcase name="archieveChannelSuccessfully" time="0.752" classname="testcases.ArchiveChannel"/>
  <testcase name="archieveChannelWithAlreadyarchieve" time="0.313" classname="testcases.ArchiveChannel"/>
  <testcase name="joinChannelInvalidIntValueChannelId" time="0.334" classname="testcases.JoinChannel"/>
  <testcase name="joinChannelInvalidStringChannelId" time="0.995" classname="testcases.JoinChannel"/>
  <testcase name="joinChannelWithBlankChannelId" time="0.316" classname="testcases.JoinChannel"/>
  <testcase name="joinChannelWithNullValueChannelId" time="0.334" classname="testcases.JoinChannel"/>
  <testcase name="joinChannelWithoutChannelId" time="0.364" classname="testcases.JoinChannel"/>
  <testcase name="joinChannelSuccessfully" time="1.158" classname="testcases.JoinChannel"/>
  <testcase name="joinChannelWithBlankToken" time="0.374" classname="testcases.JoinChannel"/>
  <testcase name="joinChannelWithInvalidToken" time="0.329" classname="testcases.JoinChannel"/>
  <testcase name="joinChannelWithNullValueToken" time="0.307" classname="testcases.JoinChannel"/>
  <testcase name="joinChannelWithoutToken" time="0.771" classname="testcases.JoinChannel"/>
  <testcase name="renameChannelInvalidIntValueChannelId" time="0.342" classname="testcases.RenameChannel"/>
  <testcase name="renameChannelInvalidStringValueChannelId" time="0.343" classname="testcases.RenameChannel"/>
  <testcase name="renameChannelWithBlankChannelId" time="0.424" classname="testcases.RenameChannel"/>
  <testcase name="renameChannelWithNullValueChannelId" time="0.408" classname="testcases.RenameChannel"/>
  <testcase name="renameChannelWithoutChannelId" time="0.306" classname="testcases.RenameChannel"/>
  <testcase name="renameChannelWithTheOriginalChannelName" time="0.41" classname="testcases.RenameChannel"/>
  <testcase name="renameChannelSuccessfully" time="0.735" classname="testcases.RenameChannel"/>
  <testcase name="renameChannelWithBlankToken" time="0.32" classname="testcases.RenameChannel"/>
  <testcase name="renameChannelWithInvalidToken" time="0.316" classname="testcases.RenameChannel"/>
  <testcase name="renameChannelWithNullValueToken" time="0.305" classname="testcases.RenameChannel"/>
  <testcase name="renameChannelWithoutToken" time="0.312" classname="testcases.RenameChannel"/>
  <testcase name="renameChannelWithBlankRename" time="0.316" classname="testcases.RenameChannel"/>
  <testcase name="renameChannelSpecialCharacterInRename" time="0.317" classname="testcases.RenameChannel"/>
  <testcase name="renameChannelWithNulValueInRename" time="0.561" classname="testcases.RenameChannel"/>
  <testcase name="renameChannelWithoutRename" time="0.354" classname="testcases.RenameChannel"/>
  <testcase name="renameChannelWithUpperCaseInRename" time="0.323" classname="testcases.RenameChannel"/>
  <testcase name="renameChannelWithUpperAndLowerCaseInRename" time="0.336" classname="testcases.RenameChannel"/>
  <testcase name="renameChannelWithRenameMoreThan80" time="0.374" classname="testcases.RenameChannel"/>
  <testcase name="renameChannelWithRenameEqualTo80" time="0.401" classname="testcases.RenameChannel"/>
</testsuite> <!-- Test -->
